# JRE version: OpenJDK Runtime Environment Homebrew (21.0.5) (build 21.0.5)
# Java VM: OpenJDK 64-Bit Server VM Homebrew (21.0.5, mixed mode, sharing, tiered, compressed oops, compressed class ptrs, g1 gc, bsd-aarch64)
GC Precious Log:
 CardTable entry size: 512
 Card Set container configuration: InlinePtr #cards 4 size 8 Array Of Cards #cards 32 size 80 Howl #buckets 8 coarsen threshold 7372 Howl Bitmap #cards 1024 size 144 coarsen threshold 921 Card regions per heap region 1 cards per card region 8192
 CPUs: 11 total, 11 available
 Memory: 18432M
 Large Page Support: Disabled
 NUMA Support: Disabled
 Compressed Oops: Enabled (Zero based)
 Heap Region Size: 4M
 Heap Min Capacity: 8M
 Heap Initial Capacity: 288M
 Heap Max Capacity: 4608M
 Pre-touch: Disabled
 Parallel Workers: 9
 Concurrent Workers: 2
 Concurrent Refinement Workers: 9
 Periodic GC: Disabled
Heap:
 garbage-first heap   total 81920K, used 51893K [0x00000006e0000000, 0x0000000800000000)
  region size 4096K, 3 young (12288K), 1 survivors (4096K)
 Metaspace       used 27928K, committed 28224K, reserved 1114112K
  class space    used 3402K, committed 3520K, reserved 1048576K
GC Heap History (8 events):
Event: 0.260 GC heap before
{Heap before GC invocations=0 (full 0):
 garbage-first heap   total 299008K, used 17439K [0x00000006e0000000, 0x0000000800000000)
  region size 4096K, 5 young (20480K), 0 survivors (0K)
 Metaspace       used 4435K, committed 4608K, reserved 1114112K
  class space    used 495K, committed 576K, reserved 1048576K
}
Event: 0.261 GC heap after
{Heap after GC invocations=1 (full 0):
 garbage-first heap   total 299008K, used 6631K [0x00000006e0000000, 0x0000000800000000)
  region size 4096K, 1 young (4096K), 1 survivors (4096K)
 Metaspace       used 4435K, committed 4608K, reserved 1114112K
  class space    used 495K, committed 576K, reserved 1048576K
}
Event: 0.378 GC heap before
{Heap before GC invocations=1 (full 0):
 garbage-first heap   total 299008K, used 23015K [0x00000006e0000000, 0x0000000800000000)
  region size 4096K, 5 young (20480K), 1 survivors (4096K)
 Metaspace       used 8790K, committed 9024K, reserved 1114112K
  class space    used 1014K, committed 1152K, reserved 1048576K
}
Event: 0.380 GC heap after
{Heap after GC invocations=2 (full 0):
 garbage-first heap   total 299008K, used 9048K [0x00000006e0000000, 0x0000000800000000)
  region size 4096K, 1 young (4096K), 1 survivors (4096K)
 Metaspace       used 8790K, committed 9024K, reserved 1114112K
  class space    used 1014K, committed 1152K, reserved 1048576K
}
Event: 0.625 GC heap before
{Heap before GC invocations=2 (full 0):
 garbage-first heap   total 299008K, used 41816K [0x00000006e0000000, 0x0000000800000000)
  region size 4096K, 10 young (40960K), 1 survivors (4096K)
 Metaspace       used 21201K, committed 21504K, reserved 1114112K
  class space    used 2625K, committed 2752K, reserved 1048576K
}
Event: 0.628 GC heap after
{Heap after GC invocations=3 (full 0):
 garbage-first heap   total 299008K, used 13514K [0x00000006e0000000, 0x0000000800000000)
  region size 4096K, 2 young (8192K), 2 survivors (8192K)
 Metaspace       used 21201K, committed 21504K, reserved 1114112K
  class space    used 2625K, committed 2752K, reserved 1048576K
}
Event: 50.682 GC heap before
{Heap before GC invocations=4 (full 0):
 garbage-first heap   total 69632K, used 58570K [0x00000006e0000000, 0x0000000800000000)
  region size 4096K, 9 young (36864K), 2 survivors (8192K)
 Metaspace       used 25981K, committed 26368K, reserved 1114112K
  class space    used 3194K, committed 3392K, reserved 1048576K
}
Event: 50.685 GC heap after
{Heap after GC invocations=5 (full 0):
 garbage-first heap   total 81920K, used 35509K [0x00000006e0000000, 0x0000000800000000)
  region size 4096K, 1 young (4096K), 1 survivors (4096K)
 Metaspace       used 25981K, committed 26368K, reserved 1114112K
  class space    used 3194K, committed 3392K, reserved 1048576K
}

